29/01/2023 15:26:59
29/01/2023 15:27:51
29/01/2023 15:29:05
29/01/2023 15:30:48
Construct recommendation_policies   5.280930280685425
Generate rewards (expectation)   29.3397855758667
Experiment 5.1   5.0797119140625
-------------------------------------------------------
29/01/2023 15:55:15
Generating ground_truth_model  392.9514174461365
Predicting ground_truth  0.13099884986877441
Generating recommendation_system_est_models  1311.0570838451385
Construct recommendation_policies   11.847351551055908
Generate rewards (expectation)   32.46202230453491
Experiment 5.1   5.437658309936523
-------------------------------------------------------
29/01/2023 16:31:51
Experiment 5.1   6.166630029678345
-------------------------------------------------------
29/01/2023 16:44:01
Experiment 5.1   6.157366752624512
-------------------------------------------------------
