29/01/2023 15:26:44
-------------------------------------------------------
29/01/2023 15:27:35
-------------------------------------------------------
29/01/2023 15:28:48
-------------------------------------------------------
29/01/2023 15:30:32
-------------------------------------------------------
29/01/2023 15:52:53
-------------------------------------------------------
29/01/2023 16:31:38
-------------------------------------------------------
29/01/2023 16:43:44
-------------------------------------------------------
29/01/2023 17:18:16
30/01/2023 11:44:57
30/01/2023 12:00:39
Generating recommendation_system_est_models  850.2204234600067
Construct recommendation_policies   95.5984902381897
Generate rewards (expectation)   34.45427131652832
Experiment 5.1   6.42146372795105
-------------------------------------------------------
30/01/2023 18:11:51
30/01/2023 18:12:52
30/01/2023 18:14:03
30/01/2023 18:16:26
Generating recommendation_system_est_models  1407.4508140087128
Construct recommendation_policies   4.083203554153442
Generate rewards (expectation)   29.34609580039978
Experiment 5.1   5.395722389221191
-------------------------------------------------------
30/01/2023 18:43:06
-------------------------------------------------------
